wandb: Appending key for api.wandb.ai to your netrc file: /home/mmm9886/.netrc
wandb: Currently logged in as: mashrafimonon (mashrafimonon-new-york-university) to https://api.wandb.ai. Use `wandb login --relogin` to force relogin
wandb: Tracking run with wandb version 0.21.0
wandb: Run data is saved locally in /scratch/mmm9886/Chignolin_Trajectory/SOAP_research/Attention_Aggregation/wandb/run-20250710_133842-8wx3mlyl
wandb: Run `wandb offline` to turn off syncing.
wandb: Syncing run curious-paper-27
wandb: â­ï¸ View project at https://wandb.ai/mashrafimonon-new-york-university/mof-settransformer
wandb: ðŸš€ View run at https://wandb.ai/mashrafimonon-new-york-university/mof-settransformer/runs/8wx3mlyl
Using device: cuda
=== MOF SetTransformer Training Pipeline ===

Loading targets from: ../id_labels.csv
CSV columns: ['id', 'label']
CSV shape: (3089, 2)
First few rows:
                                               id      label
0  DB5-hypotheticalMOF_17652_0_0_1_21_9_7_repeat   13.791591
1             DB0-m2_o8_o23_f0_pcu.sym.80_repeat    3.786996
2         DB0-m29_o90_o1500_f0_pts.sym.31_repeat    9.382537
3             DB0-m3_o48_o25_f0_fsc.sym.3_repeat   11.650365
4             DB0-m2_o1_o9_f0_nbo.sym.104_repeat    1.412915
Using 'id' column for filenames and 'label' column for targets
Loaded 3089 target values
Target range: 0.006 to 37.706
Example filename mappings:
  'DB5-hypotheticalMOF_17652_0_0_1_21_9_7_repeat.cif' -> 13.79159108
  'DB0-m2_o8_o23_f0_pcu.sym.80_repeat.cif' -> 3.786995708
  'DB0-m29_o90_o1500_f0_pts.sym.31_repeat.cif' -> 9.382537337
Total CIF files found: 3089
CIF files with targets: 3089
Data split:
  Train files: 2471 (80.0%)
  Test files: 618 (20.0%)
âœ“ Verified no data leakage between splits
Determining all unique SOAP columns across ENTIRE dataset...
Processing ALL 3089 files to find unique columns...
Processed 0/3089 files, found 0 unique columns so far...
Processed 100/3089 files, found 188 unique columns so far...
Processed 200/3089 files, found 236 unique columns so far...
Processed 300/3089 files, found 282 unique columns so far...
Processed 400/3089 files, found 298 unique columns so far...
Processed 500/3089 files, found 300 unique columns so far...
Processed 600/3089 files, found 312 unique columns so far...
Processed 700/3089 files, found 318 unique columns so far...
Processed 800/3089 files, found 332 unique columns so far...
Processed 900/3089 files, found 332 unique columns so far...
Processed 1000/3089 files, found 352 unique columns so far...
Processed 1100/3089 files, found 354 unique columns so far...
Processed 1200/3089 files, found 372 unique columns so far...
Processed 1300/3089 files, found 386 unique columns so far...
Processed 1400/3089 files, found 394 unique columns so far...
Processed 1500/3089 files, found 420 unique columns so far...
Processed 1600/3089 files, found 424 unique columns so far...
Processed 1700/3089 files, found 424 unique columns so far...
Processed 1800/3089 files, found 450 unique columns so far...
Processed 1900/3089 files, found 450 unique columns so far...
Processed 2000/3089 files, found 450 unique columns so far...
Processed 2100/3089 files, found 452 unique columns so far...
Processed 2200/3089 files, found 456 unique columns so far...
Processed 2300/3089 files, found 458 unique columns so far...
Processed 2400/3089 files, found 464 unique columns so far...
Processed 2500/3089 files, found 466 unique columns so far...
Processed 2600/3089 files, found 466 unique columns so far...
Processed 2700/3089 files, found 470 unique columns so far...
Processed 2800/3089 files, found 472 unique columns so far...
Processed 2900/3089 files, found 482 unique columns so far...
Processed 3000/3089 files, found 484 unique columns so far...
Found 484 unique SOAP columns across ALL files
Initialized SetTransformerAggregation with:
  SOAP dimension: 484
  Unique columns: 484
  channels: 484
  num_seed_points: 1
  num_encoder_blocks: 1
  num_decoder_blocks: 1
  heads: 4
  concat: True
  layer_norm: True
  dropout: 0.3
Initialized prediction head with input dim: 484
Traceback (most recent call last):
  File "/scratch/mmm9886/Chignolin_Trajectory/SOAP_research/Attention_Aggregation/model.py", line 1040, in <module>
    trainer, results = main()
  File "/scratch/mmm9886/Chignolin_Trajectory/SOAP_research/Attention_Aggregation/model.py", line 1021, in main
    results = trainer.train(
  File "/scratch/mmm9886/Chignolin_Trajectory/SOAP_research/Attention_Aggregation/model.py", line 683, in train
    all_params = list(self.encoder_decoder.parameters()) + list(self.property_predictor.parameters())
AttributeError: 'NoneType' object has no attribute 'parameters'
Traceback (most recent call last):
  File "/scratch/mmm9886/Chignolin_Trajectory/SOAP_research/Attention_Aggregation/model.py", line 1040, in <module>
    trainer, results = main()
  File "/scratch/mmm9886/Chignolin_Trajectory/SOAP_research/Attention_Aggregation/model.py", line 1021, in main
    results = trainer.train(
  File "/scratch/mmm9886/Chignolin_Trajectory/SOAP_research/Attention_Aggregation/model.py", line 683, in train
    all_params = list(self.encoder_decoder.parameters()) + list(self.property_predictor.parameters())
AttributeError: 'NoneType' object has no attribute 'parameters'
[1;34mwandb[0m: 
[1;34mwandb[0m: ðŸš€ View run [33mcurious-paper-27[0m at: [34mhttps://wandb.ai/mashrafimonon-new-york-university/mof-settransformer/runs/8wx3mlyl[0m
[1;34mwandb[0m: Find logs at: [1;35mwandb/run-20250710_133842-8wx3mlyl/logs[0m
